1653515431.449673 client started (62384): version 3.2a, socket /private/tmp/tmux-501/default, protocol 8
1653515431.449744 on Darwin 21.4.0 Darwin Kernel Version 21.4.0: Fri Mar 18 00:47:26 PDT 2022; root:xnu-8020.101.4~15/RELEASE_ARM64_T8101
1653515431.449791 using libevent 2.1.12-stable (select); utf8proc 2.7.0; ncurses 6.3
1653515431.449831 flags are 0x18010000
1653515431.449844 socket is /private/tmp/tmux-501/default
1653515431.449861 trying connect
1653515431.449887 connect failed: No such file or directory
1653515431.449911 lock file is /private/tmp/tmux-501/default.lock
1653515431.450011 flock succeeded
1653515431.450024 got lock (6)
1653515431.450036 trying connect
1653515431.450055 connect failed: No such file or directory
1653515431.450571 add peer 0x150008000: 7 (0x0)
1653515431.454309 sending message 100 to peer 0x150008000 (4 bytes)
1653515431.454340 sending message 111 to peer 0x150008000 (8 bytes)
1653515431.454359 sending message 101 to peer 0x150008000 (15 bytes)
1653515431.454374 sending message 109 to peer 0x150008000 (4 bytes)
1653515431.454390 sending message 102 to peer 0x150008000 (13 bytes)
1653515431.454402 sending message 108 to peer 0x150008000 (47 bytes)
1653515431.454422 sending message 112 to peer 0x150008000 (58 bytes)
1653515431.454436 sending message 112 to peer 0x150008000 (5 bytes)
1653515431.454450 sending message 112 to peer 0x150008000 (5 bytes)
1653515431.454472 sending message 112 to peer 0x150008000 (6 bytes)
1653515431.454484 sending message 112 to peer 0x150008000 (6 bytes)
1653515431.454499 sending message 112 to peer 0x150008000 (11 bytes)
1653515431.454512 sending message 112 to peer 0x150008000 (10 bytes)
1653515431.454533 sending message 112 to peer 0x150008000 (13 bytes)
1653515431.454543 sending message 112 to peer 0x150008000 (14 bytes)
1653515431.454555 sending message 112 to peer 0x150008000 (19 bytes)
1653515431.454566 sending message 112 to peer 0x150008000 (11 bytes)
1653515431.454578 sending message 112 to peer 0x150008000 (10 bytes)
1653515431.454590 sending message 112 to peer 0x150008000 (15 bytes)
1653515431.454606 sending message 112 to peer 0x150008000 (21 bytes)
1653515431.454618 sending message 112 to peer 0x150008000 (13 bytes)
1653515431.454637 sending message 112 to peer 0x150008000 (7 bytes)
1653515431.454650 sending message 112 to peer 0x150008000 (13 bytes)
1653515431.454663 sending message 112 to peer 0x150008000 (7 bytes)
1653515431.454675 sending message 112 to peer 0x150008000 (13 bytes)
1653515431.454687 sending message 112 to peer 0x150008000 (9 bytes)
1653515431.454700 sending message 112 to peer 0x150008000 (21 bytes)
1653515431.454715 sending message 112 to peer 0x150008000 (13 bytes)
1653515431.454727 sending message 112 to peer 0x150008000 (9 bytes)
1653515431.454739 sending message 112 to peer 0x150008000 (16 bytes)
1653515431.454753 sending message 112 to peer 0x150008000 (13 bytes)
1653515431.454767 sending message 112 to peer 0x150008000 (9 bytes)
1653515431.454782 sending message 112 to peer 0x150008000 (9 bytes)
1653515431.454795 sending message 112 to peer 0x150008000 (12 bytes)
1653515431.454808 sending message 112 to peer 0x150008000 (8 bytes)
1653515431.454820 sending message 112 to peer 0x150008000 (8 bytes)
1653515431.454835 sending message 112 to peer 0x150008000 (13 bytes)
1653515431.454847 sending message 112 to peer 0x150008000 (7 bytes)
1653515431.454859 sending message 112 to peer 0x150008000 (7 bytes)
1653515431.454871 sending message 112 to peer 0x150008000 (9 bytes)
1653515431.454883 sending message 112 to peer 0x150008000 (9 bytes)
1653515431.454897 sending message 112 to peer 0x150008000 (15 bytes)
1653515431.454910 sending message 112 to peer 0x150008000 (13 bytes)
1653515431.454923 sending message 112 to peer 0x150008000 (12 bytes)
1653515431.454936 sending message 112 to peer 0x150008000 (8 bytes)
1653515431.454949 sending message 112 to peer 0x150008000 (14 bytes)
1653515431.454962 sending message 112 to peer 0x150008000 (11 bytes)
1653515431.455016 sending message 112 to peer 0x150008000 (9 bytes)
1653515431.455034 sending message 112 to peer 0x150008000 (10 bytes)
1653515431.455062 sending message 112 to peer 0x150008000 (10 bytes)
1653515431.455073 sending message 112 to peer 0x150008000 (10 bytes)
1653515431.455085 sending message 112 to peer 0x150008000 (10 bytes)
1653515431.455095 sending message 112 to peer 0x150008000 (11 bytes)
1653515431.455106 sending message 112 to peer 0x150008000 (12 bytes)
1653515431.455115 sending message 112 to peer 0x150008000 (12 bytes)
1653515431.455124 sending message 112 to peer 0x150008000 (12 bytes)
1653515431.455139 sending message 112 to peer 0x150008000 (12 bytes)
1653515431.455149 sending message 112 to peer 0x150008000 (12 bytes)
1653515431.455161 sending message 112 to peer 0x150008000 (11 bytes)
1653515431.455170 sending message 112 to peer 0x150008000 (11 bytes)
1653515431.455180 sending message 112 to peer 0x150008000 (12 bytes)
1653515431.455189 sending message 112 to peer 0x150008000 (12 bytes)
1653515431.455198 sending message 112 to peer 0x150008000 (12 bytes)
1653515431.455207 sending message 112 to peer 0x150008000 (12 bytes)
1653515431.455218 sending message 112 to peer 0x150008000 (12 bytes)
1653515431.455229 sending message 112 to peer 0x150008000 (9 bytes)
1653515431.455238 sending message 112 to peer 0x150008000 (12 bytes)
1653515431.455247 sending message 112 to peer 0x150008000 (13 bytes)
1653515431.455254 sending message 112 to peer 0x150008000 (13 bytes)
1653515431.455262 sending message 112 to peer 0x150008000 (13 bytes)
1653515431.455270 sending message 112 to peer 0x150008000 (13 bytes)
1653515431.455279 sending message 112 to peer 0x150008000 (13 bytes)
1653515431.455288 sending message 112 to peer 0x150008000 (8 bytes)
1653515431.455299 sending message 112 to peer 0x150008000 (11 bytes)
1653515431.455307 sending message 112 to peer 0x150008000 (11 bytes)
1653515431.455319 sending message 112 to peer 0x150008000 (11 bytes)
1653515431.455328 sending message 112 to peer 0x150008000 (12 bytes)
1653515431.455340 sending message 112 to peer 0x150008000 (12 bytes)
1653515431.455351 sending message 112 to peer 0x150008000 (12 bytes)
1653515431.455358 sending message 112 to peer 0x150008000 (12 bytes)
1653515431.455367 sending message 112 to peer 0x150008000 (13 bytes)
1653515431.455375 sending message 112 to peer 0x150008000 (13 bytes)
1653515431.455384 sending message 112 to peer 0x150008000 (13 bytes)
1653515431.455392 sending message 112 to peer 0x150008000 (8 bytes)
1653515431.455401 sending message 112 to peer 0x150008000 (13 bytes)
1653515431.455409 sending message 112 to peer 0x150008000 (13 bytes)
1653515431.455417 sending message 112 to peer 0x150008000 (13 bytes)
1653515431.455426 sending message 112 to peer 0x150008000 (13 bytes)
1653515431.455434 sending message 112 to peer 0x150008000 (13 bytes)
1653515431.455442 sending message 112 to peer 0x150008000 (12 bytes)
1653515431.455451 sending message 112 to peer 0x150008000 (12 bytes)
1653515431.455459 sending message 112 to peer 0x150008000 (12 bytes)
1653515431.455467 sending message 112 to peer 0x150008000 (12 bytes)
1653515431.455475 sending message 112 to peer 0x150008000 (13 bytes)
1653515431.455484 sending message 112 to peer 0x150008000 (8 bytes)
1653515431.455492 sending message 112 to peer 0x150008000 (13 bytes)
1653515431.455500 sending message 112 to peer 0x150008000 (13 bytes)
1653515431.455507 sending message 112 to peer 0x150008000 (13 bytes)
1653515431.455513 sending message 112 to peer 0x150008000 (13 bytes)
1653515431.455523 sending message 112 to peer 0x150008000 (13 bytes)
1653515431.455530 sending message 112 to peer 0x150008000 (13 bytes)
1653515431.455539 sending message 112 to peer 0x150008000 (13 bytes)
1653515431.455550 sending message 112 to peer 0x150008000 (12 bytes)
1653515431.455558 sending message 112 to peer 0x150008000 (12 bytes)
1653515431.455566 sending message 112 to peer 0x150008000 (12 bytes)
1653515431.455575 sending message 112 to peer 0x150008000 (8 bytes)
1653515431.455583 sending message 112 to peer 0x150008000 (12 bytes)
1653515431.455596 sending message 112 to peer 0x150008000 (13 bytes)
1653515431.455630 sending message 112 to peer 0x150008000 (13 bytes)
1653515431.455640 sending message 112 to peer 0x150008000 (13 bytes)
1653515431.455650 sending message 112 to peer 0x150008000 (13 bytes)
1653515431.455660 sending message 112 to peer 0x150008000 (13 bytes)
1653515431.455678 sending message 112 to peer 0x150008000 (13 bytes)
1653515431.455688 sending message 112 to peer 0x150008000 (13 bytes)
1653515431.455697 sending message 112 to peer 0x150008000 (13 bytes)
1653515431.455707 sending message 112 to peer 0x150008000 (12 bytes)
1653515431.455717 sending message 112 to peer 0x150008000 (10 bytes)
1653515431.455726 sending message 112 to peer 0x150008000 (12 bytes)
1653515431.455736 sending message 112 to peer 0x150008000 (12 bytes)
1653515431.455746 sending message 112 to peer 0x150008000 (12 bytes)
1653515431.455753 sending message 112 to peer 0x150008000 (13 bytes)
1653515431.455759 sending message 112 to peer 0x150008000 (13 bytes)
1653515431.455769 sending message 112 to peer 0x150008000 (13 bytes)
1653515431.455777 sending message 112 to peer 0x150008000 (13 bytes)
1653515431.455786 sending message 112 to peer 0x150008000 (13 bytes)
1653515431.455794 sending message 112 to peer 0x150008000 (13 bytes)
1653515431.455803 sending message 112 to peer 0x150008000 (13 bytes)
1653515431.455811 sending message 112 to peer 0x150008000 (10 bytes)
1653515431.455820 sending message 112 to peer 0x150008000 (13 bytes)
1653515431.455828 sending message 112 to peer 0x150008000 (12 bytes)
1653515431.455837 sending message 112 to peer 0x150008000 (12 bytes)
1653515431.455845 sending message 112 to peer 0x150008000 (12 bytes)
1653515431.455854 sending message 112 to peer 0x150008000 (10 bytes)
1653515431.455862 sending message 112 to peer 0x150008000 (10 bytes)
1653515431.455872 sending message 112 to peer 0x150008000 (10 bytes)
1653515431.455882 sending message 112 to peer 0x150008000 (12 bytes)
1653515431.455891 sending message 112 to peer 0x150008000 (13 bytes)
1653515431.455900 sending message 112 to peer 0x150008000 (13 bytes)
1653515431.455908 sending message 112 to peer 0x150008000 (13 bytes)
1653515431.455916 sending message 112 to peer 0x150008000 (13 bytes)
1653515431.455925 sending message 112 to peer 0x150008000 (13 bytes)
1653515431.455933 sending message 112 to peer 0x150008000 (10 bytes)
1653515431.455943 sending message 112 to peer 0x150008000 (11 bytes)
1653515431.455951 sending message 112 to peer 0x150008000 (12 bytes)
1653515431.455960 sending message 112 to peer 0x150008000 (12 bytes)
1653515431.455968 sending message 112 to peer 0x150008000 (12 bytes)
1653515431.455977 sending message 112 to peer 0x150008000 (12 bytes)
1653515431.455986 sending message 112 to peer 0x150008000 (12 bytes)
1653515431.455994 sending message 112 to peer 0x150008000 (11 bytes)
1653515431.456001 sending message 112 to peer 0x150008000 (12 bytes)
1653515431.456008 sending message 112 to peer 0x150008000 (12 bytes)
1653515431.456016 sending message 112 to peer 0x150008000 (13 bytes)
1653515431.456024 sending message 112 to peer 0x150008000 (13 bytes)
1653515431.456033 sending message 112 to peer 0x150008000 (13 bytes)
1653515431.456041 sending message 112 to peer 0x150008000 (13 bytes)
1653515431.456050 sending message 112 to peer 0x150008000 (13 bytes)
1653515431.456058 sending message 112 to peer 0x150008000 (10 bytes)
1653515431.456066 sending message 112 to peer 0x150008000 (9 bytes)
1653515431.456074 sending message 112 to peer 0x150008000 (12 bytes)
1653515431.456082 sending message 112 to peer 0x150008000 (13 bytes)
1653515431.456091 sending message 112 to peer 0x150008000 (13 bytes)
1653515431.456099 sending message 112 to peer 0x150008000 (13 bytes)
1653515431.456109 sending message 112 to peer 0x150008000 (13 bytes)
1653515431.456116 sending message 112 to peer 0x150008000 (13 bytes)
1653515431.456124 sending message 112 to peer 0x150008000 (9 bytes)
1653515431.456133 sending message 112 to peer 0x150008000 (12 bytes)
1653515431.456141 sending message 112 to peer 0x150008000 (13 bytes)
1653515431.456149 sending message 112 to peer 0x150008000 (13 bytes)
1653515431.456175 sending message 112 to peer 0x150008000 (13 bytes)
1653515431.456185 sending message 112 to peer 0x150008000 (13 bytes)
1653515431.456194 sending message 112 to peer 0x150008000 (13 bytes)
1653515431.456204 sending message 112 to peer 0x150008000 (11 bytes)
1653515431.456213 sending message 112 to peer 0x150008000 (12 bytes)
1653515431.456221 sending message 112 to peer 0x150008000 (13 bytes)
1653515431.456230 sending message 112 to peer 0x150008000 (13 bytes)
1653515431.456238 sending message 112 to peer 0x150008000 (13 bytes)
1653515431.456246 sending message 112 to peer 0x150008000 (13 bytes)
1653515431.456253 sending message 112 to peer 0x150008000 (13 bytes)
1653515431.456259 sending message 112 to peer 0x150008000 (11 bytes)
1653515431.456267 sending message 112 to peer 0x150008000 (12 bytes)
1653515431.456276 sending message 112 to peer 0x150008000 (12 bytes)
1653515431.456286 sending message 112 to peer 0x150008000 (12 bytes)
1653515431.456294 sending message 112 to peer 0x150008000 (12 bytes)
1653515431.456303 sending message 112 to peer 0x150008000 (12 bytes)
1653515431.456311 sending message 112 to peer 0x150008000 (21 bytes)
1653515431.456331 sending message 112 to peer 0x150008000 (12 bytes)
1653515431.456340 sending message 112 to peer 0x150008000 (9 bytes)
1653515431.456350 sending message 112 to peer 0x150008000 (6 bytes)
1653515431.456359 sending message 112 to peer 0x150008000 (13 bytes)
1653515431.456367 sending message 112 to peer 0x150008000 (10 bytes)
1653515431.456377 sending message 112 to peer 0x150008000 (24 bytes)
1653515431.456386 sending message 112 to peer 0x150008000 (13 bytes)
1653515431.456394 sending message 112 to peer 0x150008000 (9 bytes)
1653515431.456403 sending message 112 to peer 0x150008000 (70 bytes)
1653515431.456418 sending message 112 to peer 0x150008000 (69 bytes)
1653515431.456426 sending message 112 to peer 0x150008000 (12 bytes)
1653515431.456435 sending message 112 to peer 0x150008000 (10 bytes)
1653515431.456443 sending message 112 to peer 0x150008000 (10 bytes)
1653515431.456451 sending message 112 to peer 0x150008000 (24 bytes)
1653515431.456460 sending message 112 to peer 0x150008000 (13 bytes)
1653515431.456468 sending message 112 to peer 0x150008000 (10 bytes)
1653515431.456476 sending message 112 to peer 0x150008000 (10 bytes)
1653515431.456483 sending message 112 to peer 0x150008000 (10 bytes)
1653515431.456491 sending message 112 to peer 0x150008000 (13 bytes)
1653515431.456499 sending message 112 to peer 0x150008000 (15 bytes)
1653515431.456508 sending message 112 to peer 0x150008000 (5 bytes)
1653515431.456518 sending message 104 to peer 0x150008000 (0 bytes)
1653515431.456543 sending message 110 to peer 0x150008000 (0 bytes)
1653515431.456586 sending message 107 to peer 0x150008000 (4 bytes)
1653515431.456594 sending message 105 to peer 0x150008000 (26 bytes)
1653515431.456603 sending message 105 to peer 0x150008000 (20 bytes)
1653515431.456611 sending message 105 to peer 0x150008000 (15 bytes)
1653515431.456619 sending message 105 to peer 0x150008000 (57 bytes)
1653515431.456637 sending message 105 to peer 0x150008000 (51 bytes)
1653515431.456647 sending message 105 to peer 0x150008000 (10 bytes)
1653515431.456657 sending message 105 to peer 0x150008000 (22 bytes)
1653515431.456667 sending message 105 to peer 0x150008000 (66 bytes)
1653515431.456673 sending message 105 to peer 0x150008000 (38 bytes)
1653515431.456680 sending message 105 to peer 0x150008000 (30 bytes)
1653515431.456689 sending message 105 to peer 0x150008000 (23 bytes)
1653515431.456697 sending message 105 to peer 0x150008000 (280 bytes)
1653515431.456718 sending message 105 to peer 0x150008000 (42 bytes)
1653515431.456725 sending message 105 to peer 0x150008000 (51 bytes)
1653515431.456732 sending message 105 to peer 0x150008000 (14 bytes)
1653515431.456739 sending message 105 to peer 0x150008000 (19 bytes)
1653515431.456748 sending message 105 to peer 0x150008000 (8 bytes)
1653515431.456757 sending message 105 to peer 0x150008000 (17 bytes)
1653515431.456803 sending message 105 to peer 0x150008000 (13 bytes)
1653515431.456814 sending message 105 to peer 0x150008000 (15 bytes)
1653515431.456823 sending message 105 to peer 0x150008000 (20 bytes)
1653515431.456833 sending message 105 to peer 0x150008000 (45 bytes)
1653515431.456843 sending message 105 to peer 0x150008000 (30 bytes)
1653515431.456854 sending message 105 to peer 0x150008000 (37 bytes)
1653515431.456864 sending message 105 to peer 0x150008000 (34 bytes)
1653515431.456874 sending message 105 to peer 0x150008000 (84 bytes)
1653515431.456887 sending message 105 to peer 0x150008000 (35 bytes)
1653515431.456895 sending message 105 to peer 0x150008000 (19 bytes)
1653515431.456903 sending message 105 to peer 0x150008000 (38 bytes)
1653515431.456911 sending message 105 to peer 0x150008000 (25 bytes)
1653515431.456919 sending message 105 to peer 0x150008000 (16 bytes)
1653515431.456927 sending message 105 to peer 0x150008000 (52 bytes)
1653515431.456936 sending message 105 to peer 0x150008000 (61 bytes)
1653515431.456944 sending message 105 to peer 0x150008000 (22 bytes)
1653515431.456953 sending message 105 to peer 0x150008000 (241 bytes)
1653515431.456961 sending message 105 to peer 0x150008000 (25 bytes)
1653515431.456968 sending message 106 to peer 0x150008000 (0 bytes)
1653515431.456986 sending message 200 to peer 0x150008000 (4 bytes)
1653515431.456996 client loop enter
1653515431.457112 client_signal: Child exited: 20
1653515431.523371 peer 0x150008000 message 207
1653515431.523380 sending message 208 to peer 0x150008000 (0 bytes)
1653515431.530388 client_signal: Window size changes: 28
1653515431.530397 sending message 208 to peer 0x150008000 (0 bytes)
1653515437.036887 peer 0x150008000 message 203
1653515437.036918 sending message 205 to peer 0x150008000 (0 bytes)
1653515437.037122 peer 0x150008000 message 204
1653515437.037135 client loop exit
